============================================================================================== 
Warning! Mixing Conda and module environments may lead to corruption of the
user environment. 
We do not recommend users mixing those two environments unless absolutely
necessary. Note that 
SURF does not provide any support for Conda environment.
For more information, please refer to our software policy page:
https://servicedesk.surf.nl/wiki/display/WIKI/Software+policy+Snellius#SoftwarepolicySnellius-UseofAnacondaandMinicondaenvironmentsonSnellius 

Remember that many packages have already been installed on the system and can
be loaded using 
the 'module load <package__name>' command. If you are uncertain if a package is
already available 
on the system, please use 'module avail' or 'module spider' to search for it.
============================================================================================== 

CondaToSNonInteractiveError: Terms of Service have not been accepted for the following channels. Please accept or remove them before proceeding:
    • https://repo.anaconda.com/pkgs/main
    • https://repo.anaconda.com/pkgs/r

To accept a channel's Terms of Service, run the following and replace `CHANNEL` with the channel name/URL:
    ‣ conda tos accept --override-channels --channel CHANNEL

To remove channels with rejected Terms of Service, run the following and replace `CHANNEL` with the channel name/URL:
    ‣ conda config --remove channels CHANNEL


CondaError: Run 'conda init' before 'conda activate'

Defaulting to user installation because normal site-packages is not writeable
Requirement already satisfied: tqdm in /sw/arch/RHEL9/EB_production/2025/software/Anaconda3/2025.06-1/lib/python3.13/site-packages (from -r requirements.txt (line 1)) (4.67.1)
Requirement already satisfied: numpy in /sw/arch/RHEL9/EB_production/2025/software/Anaconda3/2025.06-1/lib/python3.13/site-packages (from -r requirements.txt (line 2)) (2.1.3)
Requirement already satisfied: pandas in /sw/arch/RHEL9/EB_production/2025/software/Anaconda3/2025.06-1/lib/python3.13/site-packages (from -r requirements.txt (line 3)) (2.2.3)
Collecting transformers (from -r requirements.txt (line 4))
  Downloading transformers-4.57.1-py3-none-any.whl.metadata (43 kB)
Collecting ijson (from -r requirements.txt (line 5))
  Downloading ijson-3.4.0.post0-cp313-cp313-manylinux2014_x86_64.manylinux_2_17_x86_64.manylinux_2_28_x86_64.whl.metadata (23 kB)
Collecting accelerate (from -r requirements.txt (line 6))
  Downloading accelerate-1.11.0-py3-none-any.whl.metadata (19 kB)
Collecting einops (from -r requirements.txt (line 7))
  Downloading einops-0.8.1-py3-none-any.whl.metadata (13 kB)
Collecting bitsandbytes (from -r requirements.txt (line 8))
  Downloading bitsandbytes-0.48.2-py3-none-manylinux_2_24_x86_64.whl.metadata (10 kB)
Requirement already satisfied: python-dateutil>=2.8.2 in /sw/arch/RHEL9/EB_production/2025/software/Anaconda3/2025.06-1/lib/python3.13/site-packages (from pandas->-r requirements.txt (line 3)) (2.9.0.post0)
Requirement already satisfied: pytz>=2020.1 in /sw/arch/RHEL9/EB_production/2025/software/Anaconda3/2025.06-1/lib/python3.13/site-packages (from pandas->-r requirements.txt (line 3)) (2024.1)
Requirement already satisfied: tzdata>=2022.7 in /sw/arch/RHEL9/EB_production/2025/software/Anaconda3/2025.06-1/lib/python3.13/site-packages (from pandas->-r requirements.txt (line 3)) (2025.2)
Requirement already satisfied: filelock in /sw/arch/RHEL9/EB_production/2025/software/Anaconda3/2025.06-1/lib/python3.13/site-packages (from transformers->-r requirements.txt (line 4)) (3.17.0)
Collecting huggingface-hub<1.0,>=0.34.0 (from transformers->-r requirements.txt (line 4))
  Downloading huggingface_hub-0.36.0-py3-none-any.whl.metadata (14 kB)
Requirement already satisfied: packaging>=20.0 in /sw/arch/RHEL9/EB_production/2025/software/Anaconda3/2025.06-1/lib/python3.13/site-packages (from transformers->-r requirements.txt (line 4)) (24.2)
Requirement already satisfied: pyyaml>=5.1 in /sw/arch/RHEL9/EB_production/2025/software/Anaconda3/2025.06-1/lib/python3.13/site-packages (from transformers->-r requirements.txt (line 4)) (6.0.2)
Requirement already satisfied: regex!=2019.12.17 in /sw/arch/RHEL9/EB_production/2025/software/Anaconda3/2025.06-1/lib/python3.13/site-packages (from transformers->-r requirements.txt (line 4)) (2024.11.6)
Requirement already satisfied: requests in /sw/arch/RHEL9/EB_production/2025/software/Anaconda3/2025.06-1/lib/python3.13/site-packages (from transformers->-r requirements.txt (line 4)) (2.32.3)
Collecting tokenizers<=0.23.0,>=0.22.0 (from transformers->-r requirements.txt (line 4))
  Downloading tokenizers-0.22.1-cp39-abi3-manylinux_2_17_x86_64.manylinux2014_x86_64.whl.metadata (6.8 kB)
Collecting safetensors>=0.4.3 (from transformers->-r requirements.txt (line 4))
  Downloading safetensors-0.6.2-cp38-abi3-manylinux_2_17_x86_64.manylinux2014_x86_64.whl.metadata (4.1 kB)
Requirement already satisfied: fsspec>=2023.5.0 in /sw/arch/RHEL9/EB_production/2025/software/Anaconda3/2025.06-1/lib/python3.13/site-packages (from huggingface-hub<1.0,>=0.34.0->transformers->-r requirements.txt (line 4)) (2025.3.2)
Requirement already satisfied: typing-extensions>=3.7.4.3 in /sw/arch/RHEL9/EB_production/2025/software/Anaconda3/2025.06-1/lib/python3.13/site-packages (from huggingface-hub<1.0,>=0.34.0->transformers->-r requirements.txt (line 4)) (4.12.2)
Collecting hf-xet<2.0.0,>=1.1.3 (from huggingface-hub<1.0,>=0.34.0->transformers->-r requirements.txt (line 4))
  Downloading hf_xet-1.2.0-cp37-abi3-manylinux_2_17_x86_64.manylinux2014_x86_64.whl.metadata (4.9 kB)
Requirement already satisfied: psutil in /sw/arch/RHEL9/EB_production/2025/software/Anaconda3/2025.06-1/lib/python3.13/site-packages (from accelerate->-r requirements.txt (line 6)) (5.9.0)
Collecting torch>=2.0.0 (from accelerate->-r requirements.txt (line 6))
  Downloading torch-2.9.0-cp313-cp313-manylinux_2_28_x86_64.whl.metadata (30 kB)
Requirement already satisfied: setuptools in /sw/arch/RHEL9/EB_production/2025/software/Anaconda3/2025.06-1/lib/python3.13/site-packages (from torch>=2.0.0->accelerate->-r requirements.txt (line 6)) (72.1.0)
Requirement already satisfied: sympy>=1.13.3 in /sw/arch/RHEL9/EB_production/2025/software/Anaconda3/2025.06-1/lib/python3.13/site-packages (from torch>=2.0.0->accelerate->-r requirements.txt (line 6)) (1.13.3)
Requirement already satisfied: networkx>=2.5.1 in /sw/arch/RHEL9/EB_production/2025/software/Anaconda3/2025.06-1/lib/python3.13/site-packages (from torch>=2.0.0->accelerate->-r requirements.txt (line 6)) (3.4.2)
Requirement already satisfied: jinja2 in /sw/arch/RHEL9/EB_production/2025/software/Anaconda3/2025.06-1/lib/python3.13/site-packages (from torch>=2.0.0->accelerate->-r requirements.txt (line 6)) (3.1.6)
Collecting nvidia-cuda-nvrtc-cu12==12.8.93 (from torch>=2.0.0->accelerate->-r requirements.txt (line 6))
  Downloading nvidia_cuda_nvrtc_cu12-12.8.93-py3-none-manylinux2010_x86_64.manylinux_2_12_x86_64.whl.metadata (1.7 kB)
Collecting nvidia-cuda-runtime-cu12==12.8.90 (from torch>=2.0.0->accelerate->-r requirements.txt (line 6))
  Downloading nvidia_cuda_runtime_cu12-12.8.90-py3-none-manylinux2014_x86_64.manylinux_2_17_x86_64.whl.metadata (1.7 kB)
Collecting nvidia-cuda-cupti-cu12==12.8.90 (from torch>=2.0.0->accelerate->-r requirements.txt (line 6))
  Downloading nvidia_cuda_cupti_cu12-12.8.90-py3-none-manylinux2014_x86_64.manylinux_2_17_x86_64.whl.metadata (1.7 kB)
Collecting nvidia-cudnn-cu12==9.10.2.21 (from torch>=2.0.0->accelerate->-r requirements.txt (line 6))
  Downloading nvidia_cudnn_cu12-9.10.2.21-py3-none-manylinux_2_27_x86_64.whl.metadata (1.8 kB)
Collecting nvidia-cublas-cu12==12.8.4.1 (from torch>=2.0.0->accelerate->-r requirements.txt (line 6))
  Downloading nvidia_cublas_cu12-12.8.4.1-py3-none-manylinux_2_27_x86_64.whl.metadata (1.7 kB)
Collecting nvidia-cufft-cu12==11.3.3.83 (from torch>=2.0.0->accelerate->-r requirements.txt (line 6))
  Downloading nvidia_cufft_cu12-11.3.3.83-py3-none-manylinux2014_x86_64.manylinux_2_17_x86_64.whl.metadata (1.7 kB)
Collecting nvidia-curand-cu12==10.3.9.90 (from torch>=2.0.0->accelerate->-r requirements.txt (line 6))
  Downloading nvidia_curand_cu12-10.3.9.90-py3-none-manylinux_2_27_x86_64.whl.metadata (1.7 kB)
Collecting nvidia-cusolver-cu12==11.7.3.90 (from torch>=2.0.0->accelerate->-r requirements.txt (line 6))
  Downloading nvidia_cusolver_cu12-11.7.3.90-py3-none-manylinux_2_27_x86_64.whl.metadata (1.8 kB)
Collecting nvidia-cusparse-cu12==12.5.8.93 (from torch>=2.0.0->accelerate->-r requirements.txt (line 6))
  Downloading nvidia_cusparse_cu12-12.5.8.93-py3-none-manylinux2014_x86_64.manylinux_2_17_x86_64.whl.metadata (1.8 kB)
Collecting nvidia-cusparselt-cu12==0.7.1 (from torch>=2.0.0->accelerate->-r requirements.txt (line 6))
  Downloading nvidia_cusparselt_cu12-0.7.1-py3-none-manylinux2014_x86_64.whl.metadata (7.0 kB)
Collecting nvidia-nccl-cu12==2.27.5 (from torch>=2.0.0->accelerate->-r requirements.txt (line 6))
  Downloading nvidia_nccl_cu12-2.27.5-py3-none-manylinux2014_x86_64.manylinux_2_17_x86_64.whl.metadata (2.0 kB)
Collecting nvidia-nvshmem-cu12==3.3.20 (from torch>=2.0.0->accelerate->-r requirements.txt (line 6))
  Downloading nvidia_nvshmem_cu12-3.3.20-py3-none-manylinux2014_x86_64.manylinux_2_17_x86_64.whl.metadata (2.1 kB)
Collecting nvidia-nvtx-cu12==12.8.90 (from torch>=2.0.0->accelerate->-r requirements.txt (line 6))
  Downloading nvidia_nvtx_cu12-12.8.90-py3-none-manylinux2014_x86_64.manylinux_2_17_x86_64.whl.metadata (1.8 kB)
Collecting nvidia-nvjitlink-cu12==12.8.93 (from torch>=2.0.0->accelerate->-r requirements.txt (line 6))
  Downloading nvidia_nvjitlink_cu12-12.8.93-py3-none-manylinux2010_x86_64.manylinux_2_12_x86_64.whl.metadata (1.7 kB)
Collecting nvidia-cufile-cu12==1.13.1.3 (from torch>=2.0.0->accelerate->-r requirements.txt (line 6))
  Downloading nvidia_cufile_cu12-1.13.1.3-py3-none-manylinux2014_x86_64.manylinux_2_17_x86_64.whl.metadata (1.7 kB)
Collecting triton==3.5.0 (from torch>=2.0.0->accelerate->-r requirements.txt (line 6))
  Downloading triton-3.5.0-cp313-cp313-manylinux_2_27_x86_64.manylinux_2_28_x86_64.whl.metadata (1.7 kB)
Requirement already satisfied: six>=1.5 in /sw/arch/RHEL9/EB_production/2025/software/Anaconda3/2025.06-1/lib/python3.13/site-packages (from python-dateutil>=2.8.2->pandas->-r requirements.txt (line 3)) (1.17.0)
Requirement already satisfied: mpmath<1.4,>=1.1.0 in /sw/arch/RHEL9/EB_production/2025/software/Anaconda3/2025.06-1/lib/python3.13/site-packages (from sympy>=1.13.3->torch>=2.0.0->accelerate->-r requirements.txt (line 6)) (1.3.0)
Requirement already satisfied: MarkupSafe>=2.0 in /sw/arch/RHEL9/EB_production/2025/software/Anaconda3/2025.06-1/lib/python3.13/site-packages (from jinja2->torch>=2.0.0->accelerate->-r requirements.txt (line 6)) (3.0.2)
Requirement already satisfied: charset-normalizer<4,>=2 in /sw/arch/RHEL9/EB_production/2025/software/Anaconda3/2025.06-1/lib/python3.13/site-packages (from requests->transformers->-r requirements.txt (line 4)) (3.3.2)
Requirement already satisfied: idna<4,>=2.5 in /sw/arch/RHEL9/EB_production/2025/software/Anaconda3/2025.06-1/lib/python3.13/site-packages (from requests->transformers->-r requirements.txt (line 4)) (3.7)
Requirement already satisfied: urllib3<3,>=1.21.1 in /sw/arch/RHEL9/EB_production/2025/software/Anaconda3/2025.06-1/lib/python3.13/site-packages (from requests->transformers->-r requirements.txt (line 4)) (2.3.0)
Requirement already satisfied: certifi>=2017.4.17 in /sw/arch/RHEL9/EB_production/2025/software/Anaconda3/2025.06-1/lib/python3.13/site-packages (from requests->transformers->-r requirements.txt (line 4)) (2025.4.26)
Downloading transformers-4.57.1-py3-none-any.whl (12.0 MB)
   ━━━━━━━━━━━━━━━━━━━━━━━━━━━━━━━━━━━━━━━━ 12.0/12.0 MB 98.3 MB/s eta 0:00:00
Downloading huggingface_hub-0.36.0-py3-none-any.whl (566 kB)
   ━━━━━━━━━━━━━━━━━━━━━━━━━━━━━━━━━━━━━━━━ 566.1/566.1 kB 21.1 MB/s eta 0:00:00
Downloading hf_xet-1.2.0-cp37-abi3-manylinux_2_17_x86_64.manylinux2014_x86_64.whl (3.3 MB)
   ━━━━━━━━━━━━━━━━━━━━━━━━━━━━━━━━━━━━━━━━ 3.3/3.3 MB 80.1 MB/s eta 0:00:00
Downloading tokenizers-0.22.1-cp39-abi3-manylinux_2_17_x86_64.manylinux2014_x86_64.whl (3.3 MB)
   ━━━━━━━━━━━━━━━━━━━━━━━━━━━━━━━━━━━━━━━━ 3.3/3.3 MB 63.8 MB/s eta 0:00:00
Downloading ijson-3.4.0.post0-cp313-cp313-manylinux2014_x86_64.manylinux_2_17_x86_64.manylinux_2_28_x86_64.whl (149 kB)
Downloading accelerate-1.11.0-py3-none-any.whl (375 kB)
Downloading einops-0.8.1-py3-none-any.whl (64 kB)
Downloading bitsandbytes-0.48.2-py3-none-manylinux_2_24_x86_64.whl (59.4 MB)
   ━━━━━━━━━━━━━━━━━━━━━━━━━━━━━━━━━━━━━━━━ 59.4/59.4 MB 89.7 MB/s eta 0:00:00
Downloading torch-2.9.0-cp313-cp313-manylinux_2_28_x86_64.whl (899.8 MB)
   ━━━━━━━━━━━━━━━━━━━━━━━━━━━━━━━━━━━━━━━━ 899.8/899.8 MB 52.4 MB/s eta 0:00:00
Downloading nvidia_cublas_cu12-12.8.4.1-py3-none-manylinux_2_27_x86_64.whl (594.3 MB)
   ━━━━━━━━━━━━━━━━━━━━━━━━━━━━━━━━━━━━━━━━ 594.3/594.3 MB 55.2 MB/s eta 0:00:00
Downloading nvidia_cuda_cupti_cu12-12.8.90-py3-none-manylinux2014_x86_64.manylinux_2_17_x86_64.whl (10.2 MB)
   ━━━━━━━━━━━━━━━━━━━━━━━━━━━━━━━━━━━━━━━━ 10.2/10.2 MB 99.3 MB/s eta 0:00:00
Downloading nvidia_cuda_nvrtc_cu12-12.8.93-py3-none-manylinux2010_x86_64.manylinux_2_12_x86_64.whl (88.0 MB)
   ━━━━━━━━━━━━━━━━━━━━━━━━━━━━━━━━━━━━━━━━ 88.0/88.0 MB 97.3 MB/s eta 0:00:00
Downloading nvidia_cuda_runtime_cu12-12.8.90-py3-none-manylinux2014_x86_64.manylinux_2_17_x86_64.whl (954 kB)
   ━━━━━━━━━━━━━━━━━━━━━━━━━━━━━━━━━━━━━━━━ 954.8/954.8 kB 39.8 MB/s eta 0:00:00
Downloading nvidia_cudnn_cu12-9.10.2.21-py3-none-manylinux_2_27_x86_64.whl (706.8 MB)
   ━━━━━━━━━━━━━━━━━━━━━━━━━━━━━━━━━━━━━━━━ 706.8/706.8 MB 88.4 MB/s eta 0:00:00
Downloading nvidia_cufft_cu12-11.3.3.83-py3-none-manylinux2014_x86_64.manylinux_2_17_x86_64.whl (193.1 MB)
   ━━━━━━━━━━━━━━━━━━━━━━━━━━━━━━━━━━━━━━━━ 193.1/193.1 MB 92.2 MB/s eta 0:00:00
Downloading nvidia_cufile_cu12-1.13.1.3-py3-none-manylinux2014_x86_64.manylinux_2_17_x86_64.whl (1.2 MB)
   ━━━━━━━━━━━━━━━━━━━━━━━━━━━━━━━━━━━━━━━━ 1.2/1.2 MB 1.3 MB/s eta 0:00:00
Downloading nvidia_curand_cu12-10.3.9.90-py3-none-manylinux_2_27_x86_64.whl (63.6 MB)
   ━━━━━━━━━━━━━━━━━━━━━━━━━━━━━━━━━━━━━━━━ 63.6/63.6 MB 103.0 MB/s eta 0:00:00
Downloading nvidia_cusolver_cu12-11.7.3.90-py3-none-manylinux_2_27_x86_64.whl (267.5 MB)
   ━━━━━━━━━━━━━━━━━━━━━━━━━━━━━━━━━━━━━━━━ 267.5/267.5 MB 39.9 MB/s eta 0:00:00
Downloading nvidia_cusparse_cu12-12.5.8.93-py3-none-manylinux2014_x86_64.manylinux_2_17_x86_64.whl (288.2 MB)
   ━━━━━━━━━━━━━━━━━━━━━━━━━━━━━━━━━━━━━━━━ 288.2/288.2 MB 88.2 MB/s eta 0:00:00
Downloading nvidia_cusparselt_cu12-0.7.1-py3-none-manylinux2014_x86_64.whl (287.2 MB)
   ━━━━━━━━━━━━━━━━━━━━━━━━━━━━━━━━━━━━━━━ 287.2/287.2 MB 110.7 MB/s eta 0:00:00
Downloading nvidia_nccl_cu12-2.27.5-py3-none-manylinux2014_x86_64.manylinux_2_17_x86_64.whl (322.3 MB)
   ━━━━━━━━━━━━━━━━━━━━━━━━━━━━━━━━━━━━━━━━ 322.3/322.3 MB 36.2 MB/s eta 0:00:00
Downloading nvidia_nvjitlink_cu12-12.8.93-py3-none-manylinux2010_x86_64.manylinux_2_12_x86_64.whl (39.3 MB)
   ━━━━━━━━━━━━━━━━━━━━━━━━━━━━━━━━━━━━━━━━ 39.3/39.3 MB 40.0 MB/s eta 0:00:00
Downloading nvidia_nvshmem_cu12-3.3.20-py3-none-manylinux2014_x86_64.manylinux_2_17_x86_64.whl (124.7 MB)
   ━━━━━━━━━━━━━━━━━━━━━━━━━━━━━━━━━━━━━━━━ 124.7/124.7 MB 84.4 MB/s eta 0:00:00
Downloading nvidia_nvtx_cu12-12.8.90-py3-none-manylinux2014_x86_64.manylinux_2_17_x86_64.whl (89 kB)
Downloading triton-3.5.0-cp313-cp313-manylinux_2_27_x86_64.manylinux_2_28_x86_64.whl (170.5 MB)
   ━━━━━━━━━━━━━━━━━━━━━━━━━━━━━━━━━━━━━━━━ 170.5/170.5 MB 71.5 MB/s eta 0:00:00
Downloading safetensors-0.6.2-cp38-abi3-manylinux_2_17_x86_64.manylinux2014_x86_64.whl (485 kB)
Installing collected packages: nvidia-cusparselt-cu12, triton, safetensors, nvidia-nvtx-cu12, nvidia-nvshmem-cu12, nvidia-nvjitlink-cu12, nvidia-nccl-cu12, nvidia-curand-cu12, nvidia-cufile-cu12, nvidia-cuda-runtime-cu12, nvidia-cuda-nvrtc-cu12, nvidia-cuda-cupti-cu12, nvidia-cublas-cu12, ijson, hf-xet, einops, nvidia-cusparse-cu12, nvidia-cufft-cu12, nvidia-cudnn-cu12, huggingface-hub, tokenizers, nvidia-cusolver-cu12, transformers, torch, bitsandbytes, accelerate
  WARNING: The scripts proton and proton-viewer are installed in '/home/scur2158/.local/bin' which is not on PATH.
  Consider adding this directory to PATH or, if you prefer to suppress this warning, use --no-warn-script-location.
  WARNING: The scripts hf, huggingface-cli and tiny-agents are installed in '/home/scur2158/.local/bin' which is not on PATH.
  Consider adding this directory to PATH or, if you prefer to suppress this warning, use --no-warn-script-location.
  WARNING: The scripts transformers and transformers-cli are installed in '/home/scur2158/.local/bin' which is not on PATH.
  Consider adding this directory to PATH or, if you prefer to suppress this warning, use --no-warn-script-location.
  WARNING: The scripts torchfrtrace and torchrun are installed in '/home/scur2158/.local/bin' which is not on PATH.
  Consider adding this directory to PATH or, if you prefer to suppress this warning, use --no-warn-script-location.
  WARNING: The scripts accelerate, accelerate-config, accelerate-estimate-memory, accelerate-launch and accelerate-merge-weights are installed in '/home/scur2158/.local/bin' which is not on PATH.
  Consider adding this directory to PATH or, if you prefer to suppress this warning, use --no-warn-script-location.

Successfully installed accelerate-1.11.0 bitsandbytes-0.48.2 einops-0.8.1 hf-xet-1.2.0 huggingface-hub-0.36.0 ijson-3.4.0.post0 nvidia-cublas-cu12-12.8.4.1 nvidia-cuda-cupti-cu12-12.8.90 nvidia-cuda-nvrtc-cu12-12.8.93 nvidia-cuda-runtime-cu12-12.8.90 nvidia-cudnn-cu12-9.10.2.21 nvidia-cufft-cu12-11.3.3.83 nvidia-cufile-cu12-1.13.1.3 nvidia-curand-cu12-10.3.9.90 nvidia-cusolver-cu12-11.7.3.90 nvidia-cusparse-cu12-12.5.8.93 nvidia-cusparselt-cu12-0.7.1 nvidia-nccl-cu12-2.27.5 nvidia-nvjitlink-cu12-12.8.93 nvidia-nvshmem-cu12-3.3.20 nvidia-nvtx-cu12-12.8.90 safetensors-0.6.2 tokenizers-0.22.1 torch-2.9.0 transformers-4.57.1 triton-3.5.0
Environment setup complete. To activate the environment, run: conda activate power_of_noise
